<?xml version="1.0" encoding="UTF-8" ?>
<testsuite tests="3" failures="0" name="com.nju.edu.sprite.CalabashTest" time="0.518" errors="0" skipped="0">
  <properties>
    <property name="java.runtime.name" value="Java(TM) SE Runtime Environment"/>
    <property name="sun.boot.library.path" value="D:\Java\jdk 1.8\jre\bin"/>
    <property name="java.vm.version" value="25.301-b09"/>
    <property name="java.vm.vendor" value="Oracle Corporation"/>
    <property name="maven.multiModuleProjectDirectory" value="D:\Java\Programs\JavaAdvancedProgramming\CalabashGame"/>
    <property name="java.vendor.url" value="http://java.oracle.com/"/>
    <property name="path.separator" value=";"/>
    <property name="guice.disable.misplaced.annotation.check" value="true"/>
    <property name="java.vm.name" value="Java HotSpot(TM) 64-Bit Server VM"/>
    <property name="file.encoding.pkg" value="sun.io"/>
    <property name="user.script" value=""/>
    <property name="user.country" value="CN"/>
    <property name="sun.java.launcher" value="SUN_STANDARD"/>
    <property name="sun.os.patch.level" value=""/>
    <property name="java.vm.specification.name" value="Java Virtual Machine Specification"/>
    <property name="user.dir" value="D:\Java\Programs\JavaAdvancedProgramming\CalabashGame"/>
    <property name="java.runtime.version" value="1.8.0_301-b09"/>
    <property name="java.awt.graphicsenv" value="sun.awt.Win32GraphicsEnvironment"/>
    <property name="java.endorsed.dirs" value="D:\Java\jdk 1.8\jre\lib\endorsed"/>
    <property name="os.arch" value="amd64"/>
    <property name="java.io.tmpdir" value="C:\Users\Zyi\AppData\Local\Temp\"/>
    <property name="line.separator" value="
"/>
    <property name="java.vm.specification.vendor" value="Oracle Corporation"/>
    <property name="user.variant" value=""/>
    <property name="os.name" value="Windows 10"/>
    <property name="classworlds.conf" value="D:\maven\apache-maven-3.8.3\bin\m2.conf"/>
    <property name="sun.jnu.encoding" value="GBK"/>
    <property name="sonar.login" value="0c8475c78583a1adb892d24c8e8f5aed3c3da1b1"/>
    <property name="java.library.path" value="D:\Java\jdk 1.8\bin;C:\WINDOWS\Sun\Java\bin;C:\WINDOWS\system32;C:\WINDOWS;C:\Program Files\PlasticSCM5\server;C:\Program Files\PlasticSCM5\client;C:\Program Files\Common Files\Oracle\Java\javapath;C:\Program Files (x86)\Common Files\Oracle\Java\javapath;C:\windows\system32;C:\windows;C:\windows\System32\Wbem;C:\windows\System32\WindowsPowerShell\v1.0\;C:\windows\System32\OpenSSH\;C:\Program Files (x86)\NVIDIA Corporation\PhysX\Common;C:\Program Files\NVIDIA Corporation\NVIDIA NvDLISR;C:\Program Files (x86)\Microsoft SQL Server\100\Tools\Binn\;C:\Program Files\Microsoft SQL Server\100\Tools\Binn\;C:\Program Files\Microsoft SQL Server\100\DTS\Binn\;D:\texlive\2020\bin\win32;D:\Git\cmd;D:\Pandoc\;C:\WINDOWS\system32;C:\WINDOWS;C:\WINDOWS\System32\Wbem;C:\WINDOWS\System32\WindowsPowerShell\v1.0\;C:\WINDOWS\System32\OpenSSH\;C:\Program Files\dotnet\;D:\anaconda\Scripts;D:\nodejs\;C:\Users\Zyi\AppData\Local\Microsoft\WindowsApps;D:\PyCharm Community Edition 2020.3.1\bin;%IntelliJ IDEA Community Edition%;D:\IntelliJ IDEA 2020.3.1\bin;D:\Java\jdk 1.8\bin;D:\Java\jdk 1.8\jre\bin;C:\Program Files\Bandizip\;C:\Program Files\mingw64\bin;C:\Users\Zyi\AppData\Local\Programs\Microsoft VS Code\bin;C:\Users\Zyi\AppData\Local\GitHubDesktop\bin;D:\MiKTeX\miktex\bin\x64\;C:\Users\Zyi\.dotnet\tools;C:\Users\Zyi\AppData\Local\Packages\PythonSoftwareFoundation.Python.3.7_qbz5n2kfra8p0\LocalCache\local-packages\Python37\Scripts;D:\CLion 2021.2\bin;D:\Java\jdk 1.8\bin;D:\FFmpeg\ffmpeg-N-104454-gd92fdc7144-win64-gpl\bin;D:\maven\apache-maven-3.8.3\bin;D:\MySql\installDir\bin;D:\Java;C:\Users\Zyi\AppData\Roaming\npm;."/>
    <property name="maven.conf" value="D:\maven\apache-maven-3.8.3/conf"/>
    <property name="java.specification.name" value="Java Platform API Specification"/>
    <property name="java.class.version" value="52.0"/>
    <property name="sun.management.compiler" value="HotSpot 64-Bit Tiered Compilers"/>
    <property name="os.version" value="10.0"/>
    <property name="library.jansi.path" value="D:\maven\apache-maven-3.8.3\lib\jansi-native"/>
    <property name="user.home" value="C:\Users\Zyi"/>
    <property name="user.timezone" value="GMT+08:00"/>
    <property name="java.awt.printerjob" value="sun.awt.windows.WPrinterJob"/>
    <property name="sonar.host.url" value="http://localhost:9000"/>
    <property name="java.specification.version" value="1.8"/>
    <property name="file.encoding" value="GBK"/>
    <property name="sonar.projectKey" value="Test"/>
    <property name="user.name" value="Zyi"/>
    <property name="java.class.path" value="D:\maven\apache-maven-3.8.3\boot\plexus-classworlds-2.6.0.jar"/>
    <property name="java.vm.specification.version" value="1.8"/>
    <property name="sun.arch.data.model" value="64"/>
    <property name="java.home" value="D:\Java\jdk 1.8\jre"/>
    <property name="sun.java.command" value="org.codehaus.plexus.classworlds.launcher.Launcher clean verify sonar:sonar \ -Dsonar.projectKey=Test \ -Dsonar.host.url=http://localhost:9000 \ -Dsonar.login=0c8475c78583a1adb892d24c8e8f5aed3c3da1b1"/>
    <property name="java.specification.vendor" value="Oracle Corporation"/>
    <property name="user.language" value="zh"/>
    <property name="awt.toolkit" value="sun.awt.windows.WToolkit"/>
    <property name="java.vm.info" value="mixed mode"/>
    <property name="java.version" value="1.8.0_301"/>
    <property name="java.ext.dirs" value="D:\Java\jdk 1.8\jre\lib\ext;C:\WINDOWS\Sun\Java\lib\ext"/>
    <property name="sun.boot.class.path" value="D:\Java\jdk 1.8\jre\lib\resources.jar;D:\Java\jdk 1.8\jre\lib\rt.jar;D:\Java\jdk 1.8\jre\lib\sunrsasign.jar;D:\Java\jdk 1.8\jre\lib\jsse.jar;D:\Java\jdk 1.8\jre\lib\jce.jar;D:\Java\jdk 1.8\jre\lib\charsets.jar;D:\Java\jdk 1.8\jre\lib\jfr.jar;D:\Java\jdk 1.8\jre\classes"/>
    <property name="sun.stderr.encoding" value="ms936"/>
    <property name="java.vendor" value="Oracle Corporation"/>
    <property name="maven.home" value="D:\maven\apache-maven-3.8.3"/>
    <property name="file.separator" value="\"/>
    <property name="java.vendor.url.bug" value="http://bugreport.sun.com/bugreport/"/>
    <property name="sun.cpu.endian" value="little"/>
    <property name="sun.io.unicode.encoding" value="UnicodeLittle"/>
    <property name="sun.stdout.encoding" value="ms936"/>
    <property name="sun.desktop" value="windows"/>
    <property name="sun.cpu.isalist" value="amd64"/>
  </properties>
  <testcase classname="com.nju.edu.sprite.CalabashTest" name="CDSkillTest" time="0.507"/>
  <testcase classname="com.nju.edu.sprite.CalabashTest" name="moveSkillTest" time="0.006"/>
  <testcase classname="com.nju.edu.sprite.CalabashTest" name="recoverTest" time="0.005"/>
</testsuite>